<?xml version="1.0" encoding="UTF-8"?>
<testsuite name="Login"
           tests="3"
           failures="0"
           errors="0"
           skipped="3"
           time="0.001">
  <properties />
  
            <testcase name="startTest" time="0.0" classname="info.catarc.webdriver.testcases.login.LoginPage_004_LoginXXXFunction">
          <skipped />
    </testcase>
            <testcase name="endTest" time="0.0" classname="info.catarc.webdriver.testcases.login.LoginPage_004_LoginXXXFunction">
          <skipped />
    </testcase>
            <testcase name="loginSuccessFunction" time="0.0" classname="info.catarc.webdriver.testcases.login.LoginPage_004_LoginXXXFunction">
          <skipped />
    </testcase>
  
  
</testsuite>
