<?xml version="1.0" encoding="UTF-8"?>
<testng-results skipped="0" failed="0" total="3" passed="3">
  <reporter-output>
  </reporter-output>
  <suite name="selenium_2_combat" duration-ms="69556" started-at="2016-06-27T08:10:18Z" finished-at="2016-06-27T08:11:27Z">
    <groups>
    </groups>
    <test name="Login" duration-ms="69556" started-at="2016-06-27T08:10:18Z" finished-at="2016-06-27T08:11:27Z">
      <class name="info.catarc.webdriver.testcases.login.LoginPage_003_LoginXXXFunction">
        <test-method status="PASS" signature="startTest(org.testng.ITestContext)[pri:0, instance:info.catarc.webdriver.testcases.login.LoginPage_003_LoginXXXFunction@9a7504c]" name="startTest" is-config="true" duration-ms="2148" started-at="2016-06-27T16:10:26Z" finished-at="2016-06-27T16:10:28Z">
          <params>
            <param index="0">
              <value>
                <![CDATA[org.testng.TestRunner@6cc7b4de]]>
              </value>
            </param>
          </params>
          <reporter-output>
          </reporter-output>
        </test-method> <!-- startTest -->
        <test-method status="PASS" signature="loginSuccessFunction(java.util.Map)[pri:0, instance:info.catarc.webdriver.testcases.login.LoginPage_003_LoginXXXFunction@9a7504c]" name="loginSuccessFunction" duration-ms="50038" started-at="2016-06-27T16:10:28Z" data-provider="testData" finished-at="2016-06-27T16:11:18Z">
          <params>
            <param index="0">
              <value>
                <![CDATA[{PASSWORD=000000, USERNAME=TJU_tester}]]>
              </value>
            </param>
          </params>
          <reporter-output>
          </reporter-output>
        </test-method> <!-- loginSuccessFunction -->
        <test-method status="PASS" signature="endTest()[pri:0, instance:info.catarc.webdriver.testcases.login.LoginPage_003_LoginXXXFunction@9a7504c]" name="endTest" is-config="true" duration-ms="398" started-at="2016-06-27T16:11:18Z" finished-at="2016-06-27T16:11:19Z">
          <reporter-output>
          </reporter-output>
        </test-method> <!-- endTest -->
      </class> <!-- info.catarc.webdriver.testcases.login.LoginPage_003_LoginXXXFunction -->
      <class name="info.catarc.webdriver.testcases.login.LoginPage_004_LoginXXXFunction">
        <test-method status="PASS" signature="startTest(org.testng.ITestContext)[pri:0, instance:info.catarc.webdriver.testcases.login.LoginPage_004_LoginXXXFunction@2c039ac6]" name="startTest" is-config="true" duration-ms="2265" started-at="2016-06-27T16:11:19Z" finished-at="2016-06-27T16:11:21Z">
          <params>
            <param index="0">
              <value>
                <![CDATA[org.testng.TestRunner@6cc7b4de]]>
              </value>
            </param>
          </params>
          <reporter-output>
          </reporter-output>
        </test-method> <!-- startTest -->
        <test-method status="PASS" signature="loginSuccessFunction(java.util.Map)[pri:0, instance:info.catarc.webdriver.testcases.login.LoginPage_004_LoginXXXFunction@2c039ac6]" name="loginSuccessFunction" duration-ms="5849" started-at="2016-06-27T16:11:21Z" data-provider="testData" finished-at="2016-06-27T16:11:27Z">
          <params>
            <param index="0">
              <value>
                <![CDATA[{PASSWORD=000000, USERNAME=TJU_tester}]]>
              </value>
            </param>
          </params>
          <reporter-output>
          </reporter-output>
        </test-method> <!-- loginSuccessFunction -->
        <test-method status="PASS" signature="endTest()[pri:0, instance:info.catarc.webdriver.testcases.login.LoginPage_004_LoginXXXFunction@2c039ac6]" name="endTest" is-config="true" duration-ms="399" started-at="2016-06-27T16:11:27Z" finished-at="2016-06-27T16:11:27Z">
          <reporter-output>
          </reporter-output>
        </test-method> <!-- endTest -->
      </class> <!-- info.catarc.webdriver.testcases.login.LoginPage_004_LoginXXXFunction -->
      <class name="info.catarc.webdriver.testcases.login.LoginPage_001_LoginSuccessFunction_Test">
        <test-method status="PASS" signature="startTest(org.testng.ITestContext)[pri:0, instance:info.catarc.webdriver.testcases.login.LoginPage_001_LoginSuccessFunction_Test@3e57cd70]" name="startTest" is-config="true" duration-ms="2818" started-at="2016-06-27T16:10:18Z" finished-at="2016-06-27T16:10:21Z">
          <params>
            <param index="0">
              <value>
                <![CDATA[org.testng.TestRunner@6cc7b4de]]>
              </value>
            </param>
          </params>
          <reporter-output>
          </reporter-output>
        </test-method> <!-- startTest -->
        <test-method status="PASS" signature="loginSuccessFunction(java.util.Map)[pri:0, instance:info.catarc.webdriver.testcases.login.LoginPage_001_LoginSuccessFunction_Test@3e57cd70]" name="loginSuccessFunction" duration-ms="4815" started-at="2016-06-27T16:10:21Z" data-provider="testData" finished-at="2016-06-27T16:10:26Z">
          <params>
            <param index="0">
              <value>
                <![CDATA[{PASSWORD=000000, USERNAME=TJU_tester}]]>
              </value>
            </param>
          </params>
          <reporter-output>
          </reporter-output>
        </test-method> <!-- loginSuccessFunction -->
        <test-method status="PASS" signature="endTest()[pri:0, instance:info.catarc.webdriver.testcases.login.LoginPage_001_LoginSuccessFunction_Test@3e57cd70]" name="endTest" is-config="true" duration-ms="445" started-at="2016-06-27T16:10:26Z" finished-at="2016-06-27T16:10:26Z">
          <reporter-output>
          </reporter-output>
        </test-method> <!-- endTest -->
      </class> <!-- info.catarc.webdriver.testcases.login.LoginPage_001_LoginSuccessFunction_Test -->
    </test> <!-- Login -->
  </suite> <!-- selenium_2_combat -->
</testng-results>
