<?xml version="1.0" encoding="UTF-8"?>
<!-- Generated by org.testng.reporters.JUnitXMLReporter -->
<testsuite hostname="东瓜皮" name="Login" tests="3" failures="0" timestamp="27 Jun 2016 08:11:27 GMT" time="69.556" errors="0">
  <testcase name="loginSuccessFunction" time="4.815" classname="info.catarc.webdriver.testcases.login.LoginPage_001_LoginSuccessFunction_Test"/>
  <testcase name="loginSuccessFunction" time="50.038" classname="info.catarc.webdriver.testcases.login.LoginPage_003_LoginXXXFunction"/>
  <testcase name="loginSuccessFunction" time="5.849" classname="info.catarc.webdriver.testcases.login.LoginPage_004_LoginXXXFunction"/>
</testsuite> <!-- Login -->
