<?xml version="1.0" encoding="UTF-8"?>
<testng-results skipped="0" failed="0" total="1" passed="1">
  <reporter-output>
  </reporter-output>
  <suite name="selenium_2_combat" duration-ms="30285" started-at="2016-06-11T06:36:38Z" finished-at="2016-06-11T06:37:08Z">
    <groups>
    </groups>
    <test name="Login" duration-ms="30285" started-at="2016-06-11T06:36:38Z" finished-at="2016-06-11T06:37:08Z">
      <class name="info.catarc.webdriver.testcases.login.LoginPage_001_LoginSuccessFunction_Test">
        <test-method status="PASS" signature="startTest(org.testng.ITestContext)[pri:0, instance:info.catarc.webdriver.testcases.login.LoginPage_001_LoginSuccessFunction_Test@7cf10a6f]" name="startTest" is-config="true" duration-ms="23027" started-at="2016-06-11T14:36:38Z" finished-at="2016-06-11T14:37:01Z">
          <params>
            <param index="0">
              <value>
                <![CDATA[org.testng.TestRunner@71be98f5]]>
              </value>
            </param>
          </params>
          <reporter-output>
          </reporter-output>
        </test-method> <!-- startTest -->
        <test-method status="PASS" signature="loginSuccessFunction(java.util.Map)[pri:0, instance:info.catarc.webdriver.testcases.login.LoginPage_001_LoginSuccessFunction_Test@7cf10a6f]" name="loginSuccessFunction" duration-ms="3353" started-at="2016-06-11T14:37:01Z" data-provider="testData" finished-at="2016-06-11T14:37:05Z">
          <params>
            <param index="0">
              <value>
                <![CDATA[{PASSWORD=0, USERNAME=888}]]>
              </value>
            </param>
          </params>
          <reporter-output>
          </reporter-output>
        </test-method> <!-- loginSuccessFunction -->
        <test-method status="PASS" signature="endTest()[pri:0, instance:info.catarc.webdriver.testcases.login.LoginPage_001_LoginSuccessFunction_Test@7cf10a6f]" name="endTest" is-config="true" duration-ms="2886" started-at="2016-06-11T14:37:05Z" finished-at="2016-06-11T14:37:08Z">
          <reporter-output>
          </reporter-output>
        </test-method> <!-- endTest -->
      </class> <!-- info.catarc.webdriver.testcases.login.LoginPage_001_LoginSuccessFunction_Test -->
    </test> <!-- Login -->
  </suite> <!-- selenium_2_combat -->
</testng-results>
