<?xml version="1.0" encoding="UTF-8"?>
<testsuite name="TestSuite" time="0.428" tests="2" errors="0" skipped="1" failures="1">
  <properties>
[...]
</properties>
  <testcase name="loginSuccessFunction" classname="info.catarc.webdriver.testcases.login.LoginPage_004_LoginXXXFunction" time="0">
    <skipped/>
    <system-out><![CDATA[[2016-06-27 11:39:53] [INFO] µ±Ç°²Ù×÷ÏµÍ³ÊÇ:[Windows 10]
[2016-06-27 11:39:53] [INFO] Æô¶¯²âÊÔä¯ÀÀÆ÷£º[firefox]
[2016-06-27 11:39:53] [ERROR] ä¯ÀÀÆ÷²»ÄÜÕı³£¹¤×÷£¬Çë¼ì²éÊÇ²»ÊÇ±»ÊÖ¶¯¹Ø±Õ»òÕßÆäËûÔ­Òò
java.lang.NullPointerException
	at info.catarc.webdriver.utils.PropertiesDataProvider.getTestData(PropertiesDataProvider.java:21)
	at info.catarc.webdriver.utils.SelectBrowser.selectExplorerByName(SelectBrowser.java:29)
	at info.catarc.webdriver.utils.SeleniumUtil.launchBrowser(SeleniumUtil.java:60)
	at info.catarc.webdriver.base.BaseParpare.startTest(BaseParpare.java:56)
	at sun.reflect.NativeMethodAccessorImpl.invoke0(Native Method)
	at sun.reflect.NativeMethodAccessorImpl.invoke(NativeMethodAccessorImpl.java:62)
	at sun.reflect.DelegatingMethodAccessorImpl.invoke(DelegatingMethodAccessorImpl.java:43)
	at java.lang.reflect.Method.invoke(Method.java:497)
	at org.testng.internal.MethodInvocationHelper.invokeMethod(MethodInvocationHelper.java:86)
	at org.testng.internal.Invoker.invokeConfigurationMethod(Invoker.java:514)
	at org.testng.internal.Invoker.invokeConfigurations(Invoker.java:215)
	at org.testng.internal.Invoker.invokeConfigurations(Invoker.java:142)
	at org.testng.internal.TestMethodWorker.invokeBeforeClassMethods(TestMethodWorker.java:178)
	at org.testng.internal.TestMethodWorker.run(TestMethodWorker.java:108)
	at org.testng.TestRunner.privateRun(TestRunner.java:782)
	at org.testng.TestRunner.run(TestRunner.java:632)
	at org.testng.SuiteRunner.runTest(SuiteRunner.java:366)
	at org.testng.SuiteRunner.access$000(SuiteRunner.java:39)
	at org.testng.SuiteRunner$SuiteWorker.run(SuiteRunner.java:400)
	at org.testng.internal.thread.ThreadUtil$2.call(ThreadUtil.java:64)
	at java.util.concurrent.FutureTask.run(FutureTask.java:266)
	at java.util.concurrent.ThreadPoolExecutor.runWorker(ThreadPoolExecutor.java:1142)
	at java.util.concurrent.ThreadPoolExecutor$Worker.run(ThreadPoolExecutor.java:617)
	at java.lang.Thread.run(Thread.java:745)
[2016-06-27 11:39:53] [INFO] µ±Ç°²âÊÔÀàÃûÎª:[info.catarc.webdriver.testcases.login.LoginPage_004_LoginXXXFunction]
[2016-06-27 11:39:53] [ERROR] Ã»ÓĞÕÒµ½Ö¸¶¨µÄÎÄ¼ş£º[data/testcases.login.xls]
]]></system-out>
    <system-err><![CDATA[org.apache.commons.configuration.ConfigurationException: Cannot locate configuration source config/driver.properties
	at org.apache.commons.configuration.AbstractFileConfiguration.load(AbstractFileConfiguration.java:259)
	at org.apache.commons.configuration.AbstractFileConfiguration.load(AbstractFileConfiguration.java:238)
	at org.apache.commons.configuration.AbstractFileConfiguration.<init>(AbstractFileConfiguration.java:158)
	at org.apache.commons.configuration.PropertiesConfiguration.<init>(PropertiesConfiguration.java:253)
	at info.catarc.webdriver.utils.PropertiesDataProvider.getTestData(PropertiesDataProvider.java:17)
	at info.catarc.webdriver.utils.SelectBrowser.selectExplorerByName(SelectBrowser.java:29)
	at info.catarc.webdriver.utils.SeleniumUtil.launchBrowser(SeleniumUtil.java:60)
	at info.catarc.webdriver.base.BaseParpare.startTest(BaseParpare.java:56)
	at sun.reflect.NativeMethodAccessorImpl.invoke0(Native Method)
	at sun.reflect.NativeMethodAccessorImpl.invoke(NativeMethodAccessorImpl.java:62)
	at sun.reflect.DelegatingMethodAccessorImpl.invoke(DelegatingMethodAccessorImpl.java:43)
	at java.lang.reflect.Method.invoke(Method.java:497)
	at org.testng.internal.MethodInvocationHelper.invokeMethod(MethodInvocationHelper.java:86)
	at org.testng.internal.Invoker.invokeConfigurationMethod(Invoker.java:514)
	at org.testng.internal.Invoker.invokeConfigurations(Invoker.java:215)
	at org.testng.internal.Invoker.invokeConfigurations(Invoker.java:142)
	at org.testng.internal.TestMethodWorker.invokeBeforeClassMethods(TestMethodWorker.java:178)
	at org.testng.internal.TestMethodWorker.run(TestMethodWorker.java:108)
	at org.testng.TestRunner.privateRun(TestRunner.java:782)
	at org.testng.TestRunner.run(TestRunner.java:632)
	at org.testng.SuiteRunner.runTest(SuiteRunner.java:366)
	at org.testng.SuiteRunner.access$000(SuiteRunner.java:39)
	at org.testng.SuiteRunner$SuiteWorker.run(SuiteRunner.java:400)
	at org.testng.internal.thread.ThreadUtil$2.call(ThreadUtil.java:64)
	at java.util.concurrent.FutureTask.run(FutureTask.java:266)
	at java.util.concurrent.ThreadPoolExecutor.runWorker(ThreadPoolExecutor.java:1142)
	at java.util.concurrent.ThreadPoolExecutor$Worker.run(ThreadPoolExecutor.java:617)
	at java.lang.Thread.run(Thread.java:745)
]]></system-err>
  </testcase>
  <testcase name="endTest" classname="info.catarc.webdriver.testcases.login.LoginPage_004_LoginXXXFunction" time="0.428">
    <failure message="æµè§ˆå™¨driveræ²¡æœ‰è·å¾—å¯¹è±¡,é€€å‡ºæ“ä½œå¤±è´¥" type="java.lang.AssertionError">java.lang.AssertionError: æµè§ˆå™¨driveræ²¡æœ‰è·å¾—å¯¹è±¡,é€€å‡ºæ“ä½œå¤±è´¥
	at org.testng.Assert.fail(Assert.java:94)
	at info.catarc.webdriver.base.BaseParpare.endTest(BaseParpare.java:73)
	at sun.reflect.NativeMethodAccessorImpl.invoke0(Native Method)
	at sun.reflect.NativeMethodAccessorImpl.invoke(NativeMethodAccessorImpl.java:62)
	at sun.reflect.DelegatingMethodAccessorImpl.invoke(DelegatingMethodAccessorImpl.java:43)
	at java.lang.reflect.Method.invoke(Method.java:497)
	at org.testng.internal.MethodInvocationHelper.invokeMethod(MethodInvocationHelper.java:86)
	at org.testng.internal.Invoker.invokeConfigurationMethod(Invoker.java:514)
	at org.testng.internal.Invoker.invokeConfigurations(Invoker.java:215)
	at org.testng.internal.Invoker.invokeConfigurations(Invoker.java:142)
	at org.testng.internal.TestMethodWorker.invokeAfterClassMethods(TestMethodWorker.java:232)
	at org.testng.internal.TestMethodWorker.run(TestMethodWorker.java:115)
	at org.testng.TestRunner.privateRun(TestRunner.java:782)
	at org.testng.TestRunner.run(TestRunner.java:632)
	at org.testng.SuiteRunner.runTest(SuiteRunner.java:366)
	at org.testng.SuiteRunner.access$000(SuiteRunner.java:39)
	at org.testng.SuiteRunner$SuiteWorker.run(SuiteRunner.java:400)
	at org.testng.internal.thread.ThreadUtil$2.call(ThreadUtil.java:64)
	at java.util.concurrent.FutureTask.run(FutureTask.java:266)
	at java.util.concurrent.ThreadPoolExecutor.runWorker(ThreadPoolExecutor.java:1142)
	at java.util.concurrent.ThreadPoolExecutor$Worker.run(ThreadPoolExecutor.java:617)
	at java.lang.Thread.run(Thread.java:745)
</failure>
    <system-out><![CDATA[[2016-06-27 11:39:53] [ERROR] ä¯ÀÀÆ÷driverÃ»ÓĞ»ñµÃ¶ÔÏó,ÍË³ö²Ù×÷Ê§°Ü
]]></system-out>
  </testcase>
</testsuite>